[debug] [2018-01-27T21:52:13.744Z] ----------------------------------------------------------------------
[debug] [2018-01-27T21:52:13.748Z] Command:       /usr/local/bin/node /Users/alvinwen/Desktop/brown-hack/togobox/node_modules/.bin/firebase serve --only functions,hosting
[debug] [2018-01-27T21:52:13.748Z] CLI Version:   3.14.0
[debug] [2018-01-27T21:52:13.748Z] Platform:      darwin
[debug] [2018-01-27T21:52:13.748Z] Node Version:  v8.2.1
[debug] [2018-01-27T21:52:13.750Z] Time:          Sat Jan 27 2018 16:52:13 GMT-0500 (EST)
[debug] [2018-01-27T21:52:13.750Z] ----------------------------------------------------------------------
[debug] 
[debug] [2018-01-27T21:52:13.770Z] > command requires scopes: ["email","openid","https://www.googleapis.com/auth/cloudplatformprojects.readonly","https://www.googleapis.com/auth/firebase","https://www.googleapis.com/auth/cloud-platform"]
[debug] [2018-01-27T21:52:13.771Z] > authorizing via signed-in user
[debug] [2018-01-27T21:52:13.774Z] > refreshing access token with scopes: ["email","https://www.googleapis.com/auth/cloud-platform","https://www.googleapis.com/auth/cloudplatformprojects.readonly","https://www.googleapis.com/auth/firebase","openid"]
[debug] [2018-01-27T21:52:13.774Z] >>> HTTP REQUEST POST https://www.googleapis.com/oauth2/v3/token { refresh_token: '1/aHSepQW1j8dsMHGAAFN1HL4VpcXTbhpIAf7TiBpqfpw',
  client_id: '563584335869-fgrhgmd47bqnekij5i8b5pr03ho849e6.apps.googleusercontent.com',
  client_secret: 'j9iVZfS8kkCEFUPaAeJV0sAi',
  grant_type: 'refresh_token',
  scope: 'email https://www.googleapis.com/auth/cloud-platform https://www.googleapis.com/auth/cloudplatformprojects.readonly https://www.googleapis.com/auth/firebase openid' } 
 Sat Jan 27 2018 16:52:13 GMT-0500 (EST)
[debug] [2018-01-27T21:52:13.957Z] <<< HTTP RESPONSE 200
[debug] [2018-01-27T21:52:13.977Z] >>> HTTP REQUEST GET https://admin.firebase.com/v1/projects/brown-hackathon  
 Sat Jan 27 2018 16:52:13 GMT-0500 (EST)
[debug] [2018-01-27T21:52:14.330Z] <<< HTTP RESPONSE 200
[debug] [2018-01-27T21:52:14.331Z] >>> HTTP REQUEST GET https://admin.firebase.com/v1/database/brown-hackathon/tokens  
 Sat Jan 27 2018 16:52:14 GMT-0500 (EST)
[debug] [2018-01-27T21:52:14.955Z] <<< HTTP RESPONSE 200
[info] 
[info] === Serving from '/Users/alvinwen/Desktop/brown-hack/togobox'...
[info] 
[info] i  functions: Preparing to emulate functions.
[debug] [2018-01-27T21:52:15.473Z] >>> HTTP REQUEST GET https://appengine.googleapis.com/v1/apps/brown-hackathon  
 Sat Jan 27 2018 16:52:15 GMT-0500 (EST)
[debug] [2018-01-27T21:52:15.474Z] >>> HTTP REQUEST GET https://apikeys.googleapis.com/v1/projects/brown-hackathon/apiKeys  
 Sat Jan 27 2018 16:52:15 GMT-0500 (EST)
[debug] [2018-01-27T21:52:15.474Z] >>> HTTP REQUEST GET https://cloudresourcemanager.googleapis.com/v1/projects/brown-hackathon  
 Sat Jan 27 2018 16:52:15 GMT-0500 (EST)
[debug] [2018-01-27T21:52:18.549Z] <<< HTTP RESPONSE 200
[debug] [2018-01-27T21:52:18.549Z] >>> HTTP REQUEST GET https://mobilesdk-pa.googleapis.com/v1/projects/943416784152/clients/_:getWebAppConfig  
 Sat Jan 27 2018 16:52:18 GMT-0500 (EST)
[debug] [2018-01-27T21:52:18.641Z] <<< HTTP RESPONSE 200
[debug] [2018-01-27T21:52:18.655Z] <<< HTTP RESPONSE 200
[debug] [2018-01-27T21:52:18.993Z] <<< HTTP RESPONSE 200
[info] i  hosting: Serving hosting files from: public
[info] ✔  hosting: Local server: http://localhost:5000

[info] ✔  functions: helloWorld: http://localhost:5001/brown-hackathon/us-central1/helloWorld
[info] Shutting down...
[debug] [2018-01-27T22:45:35.024Z] Error: write EPIPE
    at exports._errnoException (util.js:1024:11)
    at WriteWrap.afterWrite [as oncomplete] (net.js:851:14)
[error] 
[error] Error: An unexpected error has occurred.
[debug] [2018-01-27T22:45:35.036Z] Error: write EPIPE
    at exports._errnoException (util.js:1024:11)
    at WriteWrap.afterWrite [as oncomplete] (net.js:851:14)
[error] 
[error] Error: An unexpected error has occurred.
